info: GET es /api/users/ - 5/6/2024 20:56:37
info: GET es /api/users/ - 5/6/2024 20:56:47
info: GET es /api/session/testJWT - 5/6/2024 20:57:17
info: POST es /api/cart - 5/6/2024 20:58:48
info: POST es /api/cart - 5/6/2024 20:59:48
info: POST es /api/cart - 5/6/2024 21:00:05
warning: Error al crear carrito 
info: GET es /api/cart/6660fc053d381cf28f132f18 - 5/6/2024 21:00:34
info: GET es /api/cart/6660fc053d381cf28f132f18 - 5/6/2024 21:00:40
info: GET es /api/cart/6660fc053d381cf28f132f18 - 5/6/2024 21:00:53
info: POST es /api/cart - 5/6/2024 21:01:11
info: GET es /api/cart/6660fc47a2874bda6f597ce0 - 5/6/2024 21:01:18
info: POST es /api/session/testJWT - 5/6/2024 21:03:54
info: GET es /api/session/testJWT - 5/6/2024 21:04:10
info: POST es /api/cart - 5/6/2024 21:04:21
info: GET es /api/cart/6660fd06a2874bda6f597ce4 - 5/6/2024 21:04:38
info: GET es /api/cart/6660fd06a2874bda6f597ce4 - 5/6/2024 21:08:36
info: GET es /api/cart/6660fd06a2874bda6f597ce4 - 5/6/2024 21:10:45
info: POST es /api/cart/6660fd06a2874bda6f597ce4/65f61c77588958e3808e5b36 - 5/6/2024 21:11:30
info: POST es /api/cart/6660fd06a2874bda6f597ce4/65f61c77588958e3808e5b36 - 5/6/2024 21:11:59
info: GET es /api/cart/6660fd06a2874bda6f597ce4 - 5/6/2024 21:12:06
info: GET es /api/cart/6660fd06a2874bda6f597ce4 - 5/6/2024 21:16:09
info: GET es /api/cart/6660fd06a2874bda6f597ce4/65f61c77588958e3808e5b36 - 5/6/2024 21:17:38
info: POST es /api/cart/6660fd06a2874bda6f597ce4/65f61c77588958e3808e5b36 - 5/6/2024 21:17:41
info: GET es /api/session/testJWT - 5/6/2024 21:18:04
info: GET es /api/session/current - 5/6/2024 21:18:13
info: GET es /api/session/login - 5/6/2024 21:18:28
info: GET es /api/session/current - 5/6/2024 21:22:51
info: GET es /api/session/login - 5/6/2024 21:23:37
info: GET es /api/session/testJWT - 5/6/2024 21:23:45
info: GET es /api/cart - 5/6/2024 21:23:57
info: POST es /api/cart/ - 5/6/2024 21:25:17
info: GET es /api/cart/666101edea0b9e2571e549df - 5/6/2024 21:25:23
info: POST es /api/cart/666101edea0b9e2571e549df/65f61c77588958e3808e5b36 - 5/6/2024 21:25:43
info: GET es /api/session/testJWT - 5/6/2024 21:27:32
info: GET es /api/session/testJWT - 5/6/2024 21:27:38
info: POST es /api/users - 5/6/2024 21:30:05
info: GET es /api/cart/6661030def943927c79564b8 - 5/6/2024 21:30:31
info: POST es /api/cart/6661030def943927c79564b8/65f61c77588958e3808e5b36 - 5/6/2024 21:30:47
info: GET es /api/session/current - 5/6/2024 21:31:02
info: GET es /api/session/login - 5/6/2024 21:31:36
info: GET es /api/session/login - 5/6/2024 21:32:52
info: GET es /api/session/login - 5/6/2024 21:32:56
info: GET es /api/session/register - 5/6/2024 21:33:36
info: POST es /api/session/register - 5/6/2024 21:33:46
info: POST es /api/session/logout - 5/6/2024 21:34:07
info: GET es /api/session/logout - 5/6/2024 21:34:11
info: GET es / - 5/6/2024 21:34:11
info: GET es /api/session/testJWT - 5/6/2024 21:34:21
info: GET es /api/session/logout - 5/6/2024 21:34:40
info: GET es / - 5/6/2024 21:34:40
info: POST es /api/session/register - 5/6/2024 21:34:46
info: GET es /api/session/testJWT - 5/6/2024 21:35:07
info: GET es /api/session/testJWT - 5/6/2024 21:35:29
info: GET es /api/session/login - 5/6/2024 21:37:54
info: GET es /api/session/register - 5/6/2024 21:39:19
info: POST es /api/session/register - 5/6/2024 21:39:22
info: POST es /api/session/testJWT - 5/6/2024 21:39:37
info: GET es /api/session/testJWT - 5/6/2024 21:39:39
info: GET es /api/session/testJWT - 5/6/2024 21:43:31
info: GET es /api/session/github - 5/6/2024 21:44:54
info: GET es /api/session/github - 5/6/2024 21:44:57
info: GET es /api/session/githubSession - 5/6/2024 21:45:10
info: GET es /api/session/github - 5/6/2024 21:45:22
info: GET es /api/session/register - 5/6/2024 21:45:31
info: POST es /api/session/register - 5/6/2024 21:45:38
info: POST es /api/session/register - 5/6/2024 21:48:15
info: POST es /api/session/register - 5/6/2024 21:48:52
info: POST es /api/session/register - 5/6/2024 21:50:29
info: POST es /api/session/register - 5/6/2024 21:52:17
info: GET es /api/session/login - 5/6/2024 21:52:29
info: GET es /api/session/current - 5/6/2024 21:52:34
info: GET es /api/cart - 5/6/2024 21:52:53
info: GET es /api/cart/666108422d9e94f83518e78b - 5/6/2024 21:53:18
info: GET es /api/cart/666108422d9e94f83518e78b/65f61c77588958e3808e5b36 - 5/6/2024 21:53:42
info: POST es /api/cart/666108422d9e94f83518e78b/65f61c77588958e3808e5b36 - 5/6/2024 21:53:46
info: POST es /api/cart/666108422d9e94f83518e78b/65f61c77588958e3808e5b36 - 5/6/2024 21:58:36
info: POST es /api/cart/666108422d9e94f83518e78b/65f61c77588958e3808e5b36 - 5/6/2024 21:58:39
info: POST es /api/cart/666108422d9e94f83518e78b/65f61c77588958e3808e5b36 - 5/6/2024 23:15:44
info: POST es /api/cart/666108422d9e94f83518e78b/65f61c77588958e3808e5b36 - 5/6/2024 23:15:55
info: POST es /api/cart/666108422d9e94f83518e78b/purchase - 5/6/2024 23:45:33
info: POST es /api/cart/666108422d9e94f83518e78b/purchase - 5/6/2024 23:46:02
info: POST es /api/cart/ - 5/6/2024 23:46:56
info: GET es /api/cart/66612320a7ed63682292e309 - 5/6/2024 23:47:42
info: GET es /api/cart/66612320a7ed63682292e309/666108422d9e94f83518e78b - 5/6/2024 23:56:35
info: POST es /api/cart/66612320a7ed63682292e309/666108422d9e94f83518e78b - 5/6/2024 23:56:39
info: POST es /api/cart/66612320a7ed63682292e309/purchase - 5/6/2024 23:57:37
info: POST es /api/cart/66612320a7ed63682292e309/purchase - 5/6/2024 23:58:43
info: GET es /api/user - 11/6/2024 19:13:24
info: GET es /api/users - 11/6/2024 19:13:27
info: GET es /api/session/testJWT - 11/6/2024 19:14:15
info: GET es /api/session/testJWT - 11/6/2024 19:15:02
info: GET es /api/session/testJWT - 11/6/2024 19:15:11
info: GET es /api/session/testJWT - 11/6/2024 19:16:28
info: GET es /api/session/testJWT - 11/6/2024 19:16:59
info: GET es /api/session/testJWT - 11/6/2024 19:17:15
info: GET es /api/session/testJWT - 17/6/2024 20:54:07
info: GET es /api/session/testJWT - 17/6/2024 20:54:53
info: GET es /api/session/testJWT - 17/6/2024 20:55:39
